<?xml version="1.0" encoding="UTF-8"?>
<!-- Generated by org.testng.reporters.JUnitReportReporter -->
<testsuite hostname="Harshitha-PC" failures="0" tests="1" name="com.ExcelRProject.AutomationExcerciseProject.TestCasesImplementation" time="20.387" errors="0" timestamp="2023-10-19T16:11:46 GMT-04:00" skipped="0">
  <testcase classname="com.ExcelRProject.AutomationExcerciseProject.TestCasesImplementation" name="checkoutVerifyAddress_Validation" time="20.387"/>
</testsuite> <!-- com.ExcelRProject.AutomationExcerciseProject.TestCasesImplementation -->
